[debug] [2023-10-09T18:43:09.738Z] ----------------------------------------------------------------------
[debug] [2023-10-09T18:43:09.743Z] Command:       /usr/local/bin/firebase /home/samuelsm/.cache/firebase/tools/lib/node_modules/firebase-tools/lib/bin/firebase init
[debug] [2023-10-09T18:43:09.743Z] CLI Version:   12.6.2
[debug] [2023-10-09T18:43:09.744Z] Platform:      linux
[debug] [2023-10-09T18:43:09.744Z] Node Version:  v16.16.0
[debug] [2023-10-09T18:43:09.745Z] Time:          Mon Oct 09 2023 15:43:09 GMT-0300 (GMT-03:00)
[debug] [2023-10-09T18:43:09.745Z] ----------------------------------------------------------------------
[debug] 
[debug] [2023-10-09T18:43:09.754Z] > command requires scopes: ["email","openid","https://www.googleapis.com/auth/cloudplatformprojects.readonly","https://www.googleapis.com/auth/firebase","https://www.googleapis.com/auth/cloud-platform"]
[debug] [2023-10-09T18:43:09.755Z] > authorizing via signed-in user (samuelmeurer13@gmail.com)
[info] 
     ######## #### ########  ######## ########     ###     ######  ########
     ##        ##  ##     ## ##       ##     ##  ##   ##  ##       ##
     ######    ##  ########  ######   ########  #########  ######  ######
     ##        ##  ##    ##  ##       ##     ## ##     ##       ## ##
     ##       #### ##     ## ######## ########  ##     ##  ######  ########

You're about to initialize a Firebase project in this directory:

  /home/samuelsm/infinity/web3/infinity_app2

[info] 
=== Project Setup
[info] 
[info] First, let's associate this project directory with a Firebase project.
[info] You can create multiple project aliases by running firebase use --add, 
[info] but for now we'll just set up a default project.
[info] 
[debug] [2023-10-09T18:43:28.608Z] >>> [apiv2][query] GET https://firebase.googleapis.com/v1beta1/projects pageSize=100
[debug] [2023-10-09T18:43:29.359Z] <<< [apiv2][status] GET https://firebase.googleapis.com/v1beta1/projects 200
[debug] [2023-10-09T18:43:29.360Z] <<< [apiv2][body] GET https://firebase.googleapis.com/v1beta1/projects [omitted]
[info] i  Using project pivendingmachine (Vending Machine) 
[info] 
=== Hosting Setup
[info] 
[info] Your public directory is the folder (relative to your project directory) that
[info] will contain Hosting assets to be uploaded with firebase deploy. If you
[info] have a build process for your assets, use your build's output directory.
[info] 
[debug] [2023-10-09T18:44:37.741Z] >>> [apiv2][query] GET https://www.gstatic.com/firebasejs/releases.json [none]
[debug] [2023-10-09T18:44:37.894Z] <<< [apiv2][status] GET https://www.gstatic.com/firebasejs/releases.json 200
[debug] [2023-10-09T18:44:37.895Z] <<< [apiv2][body] GET https://www.gstatic.com/firebasejs/releases.json {"current":{"version":"10.4.0","browserURL":"https://www.gstatic.com/firebasejs/10.4.0/firebase.js","packageURL":"https://www.gstatic.com/firebasejs/10.4.0/firebase.tgz"},"live":{"version":"10.4","browserURL":"https://www.gstatic.com/firebasejs/live/10.4/firebase.js","packageURL":"https://www.gstatic.com/firebasejs/live/10.4/firebase.tgz"},"components":{"analytics":"https://www.gstatic.com/firebasejs/10.4.0/firebase-analytics.js","app":"https://www.gstatic.com/firebasejs/10.4.0/firebase-app.js","app-check":"https://www.gstatic.com/firebasejs/10.4.0/firebase-app-check.js","auth":"https://www.gstatic.com/firebasejs/10.4.0/firebase-auth.js","auth/cordova":"https://www.gstatic.com/firebasejs/10.4.0/firebase-auth/cordova.js","functions":"https://www.gstatic.com/firebasejs/10.4.0/firebase-functions.js","firestore":"https://www.gstatic.com/firebasejs/10.4.0/firebase-firestore.js","firestore/lite":"https://www.gstatic.com/firebasejs/10.4.0/firebase-firestore/lite.js","installations":"https://www.gstatic.com/firebasejs/10.4.0/firebase-installations.js","storage":"https://www.gstatic.com/firebasejs/10.4.0/firebase-storage.js","performance":"https://www.gstatic.com/firebasejs/10.4.0/firebase-performance.js","remote-config":"https://www.gstatic.com/firebasejs/10.4.0/firebase-remote-config.js","messaging":"https://www.gstatic.com/firebasejs/10.4.0/firebase-messaging.js","messaging/sw":"https://www.gstatic.com/firebasejs/10.4.0/firebase-messaging/sw.js","database":"https://www.gstatic.com/firebasejs/10.4.0/firebase-database.js","firestore.memory":"https://www.gstatic.com/firebasejs/10.4.0/firebase-firestore.memory.js"}}
[info] ✔  Wrote react-dapp-v2/index.html 
[info] 
[info] i  Detected a .git folder at /home/samuelsm/infinity/web3/infinity_app2 
[info] i  Authorizing with GitHub to upload your service account to a GitHub repository's secrets store. 
[info] 
[info] Visit this URL on this device to log in:
[info] https://github.com/login/oauth/authorize?client_id=89cf50f02ac6aaed3484&state=121648942&redirect_uri=http%3A%2F%2Flocalhost%3A9005&scope=read%3Auser%20repo%20public_repo
[info] 
[info] Waiting for authentication...
[debug] [2023-10-09T18:44:54.739Z] >>> [apiv2][query] POST https://github.com/login/oauth/access_token [none]
[debug] [2023-10-09T18:44:54.740Z] >>> [apiv2][body] POST https://github.com/login/oauth/access_token [stream]
[debug] [2023-10-09T18:44:55.059Z] <<< [apiv2][status] POST https://github.com/login/oauth/access_token 200
[debug] [2023-10-09T18:44:55.059Z] <<< [apiv2][body] POST https://github.com/login/oauth/access_token {"access_token":"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","token_type":"bearer","scope":"read:user,repo"}
[debug] [2023-10-09T18:44:55.073Z] >>> [apiv2][query] GET https://api.github.com/user [none]
[debug] [2023-10-09T18:44:55.366Z] <<< [apiv2][status] GET https://api.github.com/user 200
[debug] [2023-10-09T18:44:55.367Z] <<< [apiv2][body] GET https://api.github.com/user {"login":"samuelsmeurer","id":63523841,"node_id":"MDQ6VXNlcjYzNTIzODQx","avatar_url":"https://avatars.githubusercontent.com/u/63523841?v=4","gravatar_id":"","url":"https://api.github.com/users/samuelsmeurer","html_url":"https://github.com/samuelsmeurer","followers_url":"https://api.github.com/users/samuelsmeurer/followers","following_url":"https://api.github.com/users/samuelsmeurer/following{/other_user}","gists_url":"https://api.github.com/users/samuelsmeurer/gists{/gist_id}","starred_url":"https://api.github.com/users/samuelsmeurer/starred{/owner}{/repo}","subscriptions_url":"https://api.github.com/users/samuelsmeurer/subscriptions","organizations_url":"https://api.github.com/users/samuelsmeurer/orgs","repos_url":"https://api.github.com/users/samuelsmeurer/repos","events_url":"https://api.github.com/users/samuelsmeurer/events{/privacy}","received_events_url":"https://api.github.com/users/samuelsmeurer/received_events","type":"User","site_admin":false,"name":null,"company":null,"blog":"","location":null,"email":null,"hireable":null,"bio":null,"twitter_username":null,"public_repos":7,"public_gists":0,"followers":5,"following":6,"created_at":"2020-04-11T23:52:33Z","updated_at":"2023-10-09T16:45:17Z","private_gists":0,"total_private_repos":6,"owned_private_repos":6,"disk_usage":277883,"collaborators":6,"two_factor_authentication":false,"plan":{"name":"free","space":976562499,"collaborators":0,"private_repos":10000}}
[info] 
[info] ✔  Success! Logged into GitHub as samuelsmeurer 
[info] 
